****************************************
Report : constraint
Design : s27
Version: E-2010.12
Date   : Mon Mar 21 12:45:44 2022
****************************************

                                                   Weighted
    Group (max_delay/setup)      Cost     Weight     Cost
    -----------------------------------------------------
    CK                           0.93      1.00      0.93
    -----------------------------------------------------
    max_delay/setup                                  0.93

                                                   Weighted
    Group (min_delay/hold)       Cost     Weight     Cost
    -----------------------------------------------------
    CK                           0.00      1.00      0.00
    -----------------------------------------------------
    min_delay/hold                                   0.00

    Constraint                                       Cost
    -----------------------------------------------------
    max_delay/setup                                  0.93  (VIOLATED)
    min_delay/hold                                   0.00  (MET)
    sequential_clock_pulse_width                     0.00  (MET)
    max_capacitance                                  0.00  (MET)
    min_capacitance                                  0.00  (MET)
    max_transition                                   0.00  (MET)

1
