****************************************
Report : timing
	-path_type full
	-delay_type min_max
	-max_paths 20
	-justify
Design : s27
Version: E-2010.12
Date   : Mon Mar 21 12:45:44 2022
****************************************


  A True path:

  Startpoint: G3 (input port clocked by CK)
  Endpoint: G17 (output port clocked by CK)
  Path Group: CK
  Path Type: min

  Point                                    Incr       Path
  ---------------------------------------------------------------
  clock CK (rise edge)                     0.00       0.00
  clock network delay (ideal)              0.25       0.25
  input external delay                     0.10       0.35 f
  G3 (in)                                  0.06       0.41 f
  U20/QN (NOR2X0)                          0.09       0.50 r
  U17/QN (NOR3X0)                          0.13       0.63 f
  U19/ZN (INVX0)                           0.35       0.97 r
  G17 (out)                                2.81       3.78 r
  data arrival time                                   3.78

  clock CK (rise edge)                     0.00       0.00
  clock network delay (ideal)              0.25       0.25
  clock uncertainty                        0.20       0.45
  output external delay                   -0.10       0.35
  data required time                                  0.35
  ---------------------------------------------------------------
  data required time                                  0.35
  data arrival time                                  -3.78
  ---------------------------------------------------------------
  slack (MET)                                         3.43


  True-delay Input Vector
  -------------------------------------------
  DFF_0/Q_reg/Q (DFFX1)                0 
  DFF_1/Q_reg/Q (DFFX1)                0 
  DFF_2/Q_reg/Q (DFFX1)                0 
  G1 (in)                              0 
  G3 (in)                              f 
  -------------------------------------------


  True-delay conclusions:
  ---------------------------------
  1. Reported path is true.
  ---------------------------------


  A True path:

  Startpoint: G0 (input port clocked by CK)
  Endpoint: G17 (output port clocked by CK)
  Path Group: CK
  Path Type: max

  Point                                    Incr       Path
  ---------------------------------------------------------------
  clock CK (rise edge)                     0.00       0.00
  clock network delay (ideal)              0.25       0.25
  input external delay                     0.40       0.65 r
  G0 (in)                                  0.17       0.82 r
  U21/QN (NOR2X0)                          0.18       1.00 f
  U20/QN (NOR2X0)                          0.12       1.12 r
  U17/QN (NOR3X0)                          0.17       1.29 f
  U19/ZN (INVX0)                           0.38       1.67 r
  G17 (out)                                2.81       4.48 r
  data arrival time                                   4.48

  clock CK (rise edge)                     4.00       4.00
  clock network delay (ideal)              0.25       4.25
  clock uncertainty                       -0.30       3.95
  output external delay                   -0.40       3.55
  data required time                                  3.55
  ---------------------------------------------------------------
  data required time                                  3.55
  data arrival time                                  -4.48
  ---------------------------------------------------------------
  slack (VIOLATED)                                   -0.93


  True-delay Input Vector
  -------------------------------------------
  DFF_0/Q_reg/Q (DFFX1)                0 
  DFF_1/Q_reg/Q (DFFX1)                1 
  DFF_2/Q_reg/Q (DFFX1)                0 
  G0 (in)                              r 
  G1 (in)                              0 
  G3 (in)                              0 
  -------------------------------------------


  True-delay conclusions:
  ---------------------------------
  1. Reported path is true.
  ---------------------------------

1
